<?xml version="1.0" encoding="UTF-8"?>
<testsuite xmlns:xsi="http://www.w3.org/2001/XMLSchema-instance" xsi:noNamespaceSchemaLocation="https://maven.apache.org/surefire/maven-surefire-plugin/xsd/surefire-test-report-3.0.xsd" version="3.0" name="io.tuto.springBoot.Garage.GarageApplicationTests" time="7.692" tests="1" errors="0" skipped="0" failures="0">
  <properties>
[...]
</properties>
  <testcase name="contextLoads" classname="io.tuto.springBoot.Garage.GarageApplicationTests" time="2.323">
    <system-out><![CDATA[19:32:45.556 [main] INFO org.springframework.test.context.support.AnnotationConfigContextLoaderUtils -- Could not detect default configuration classes for test class [io.tuto.springBoot.Garage.GarageApplicationTests]: GarageApplicationTests does not declare any static, non-private, non-final, nested classes annotated with @Configuration.
19:32:45.899 [main] INFO org.springframework.boot.test.context.SpringBootTestContextBootstrapper -- Found @SpringBootConfiguration io.tuto.springBoot.Garage.GarageApplication for test class io.tuto.springBoot.Garage.GarageApplicationTests

  .   ____          _            __ _ _
 /\\ / ___'_ __ _ _(_)_ __  __ _ \ \ \ \
( ( )\___ | '_ | '_| | '_ \/ _` | \ \ \ \
 \\/  ___)| |_)| | | | | || (_| |  ) ) ) )
  '  |____| .__|_| |_|_| |_\__, | / / / /
 =========|_|==============|___/=/_/_/_/
 :: Spring Boot ::                (v3.1.0)

2023-06-14T19:32:46.992+02:00  INFO 19104 --- [           main] i.t.s.Garage.GarageApplicationTests      : Starting GarageApplicationTests using Java 17.0.5 with PID 19104 (started by rziki in C:\Users\rziki\Desktop\Garage)
2023-06-14T19:32:46.996+02:00  INFO 19104 --- [           main] i.t.s.Garage.GarageApplicationTests      : No active profile set, falling back to 1 default profile: "default"
2023-06-14T19:32:50.489+02:00  INFO 19104 --- [           main] i.t.s.Garage.GarageApplicationTests      : Started GarageApplicationTests in 4.232 seconds (process running for 7.313)
]]></system-out>
  </testcase>
</testsuite>